[2016-11-22 05:47:03] GET /api/user/1
[2016-11-22 05:47:04] GET /favicon.ico
[2016-11-22 05:47:05] GET /api/user/1
[2016-11-22 05:47:06] GET /favicon.ico
[2016-11-22 05:47:49] GET /api/user/1
[2016-11-22 05:47:50] GET /favicon.ico
[2016-11-22 05:47:53] GET /api/user/1
[2016-11-22 05:47:54] GET /favicon.ico
[2016-11-22 05:48:05] GET /favicon.ico
[2016-11-22 05:48:07] GET /api/user/1
[2016-11-22 05:48:07] GET /favicon.ico
[2016-11-22 05:48:08] GET /api/user/1
[2016-11-22 05:48:09] GET /favicon.ico
[2016-11-22 05:50:25] GET /api/user/1
[2016-11-22 05:50:25] GET /favicon.ico
[2016-11-22 05:50:27] GET /api/user/1
[2016-11-22 05:50:27] GET /favicon.ico
[2016-11-22 05:50:28] GET /api/user/1
[2016-11-22 05:50:28] GET /favicon.ico
[2016-11-22 05:50:29] GET /api/user/1
[2016-11-22 05:50:29] GET /favicon.ico
[2016-11-22 05:50:59] GET /api/user/1
[2016-11-22 05:51:00] GET /favicon.ico
[2016-11-22 05:51:02] GET /api/user/1
[2016-11-22 05:51:03] GET /favicon.ico
[2016-11-22 05:51:05] GET /api/user/1
[2016-11-22 05:51:05] GET /favicon.ico
[2016-11-22 05:51:11] GET /api/user/1
[2016-11-22 05:51:11] GET /favicon.ico
[2016-11-22 05:51:24] GET /api/user/1
[2016-11-22 05:51:24] GET /favicon.ico
[2016-11-22 05:51:42] GET /api/user/1
[2016-11-22 05:51:42] GET /favicon.ico
[2016-11-22 05:51:44] GET /api/user/1
[2016-11-22 05:51:45] GET /favicon.ico
[2016-11-22 05:51:47] GET /api/user/1
[2016-11-22 05:51:48] GET /favicon.ico
[2016-11-22 05:53:36] GET /api/user/1
[2016-11-22 05:53:37] GET /favicon.ico
[2016-11-22 05:53:38] GET /api/user/1
[2016-11-22 05:53:39] GET /favicon.ico
[2016-11-22 05:53:39] GET /api/user/1
[2016-11-22 05:53:40] GET /favicon.ico
[2016-11-22 05:53:40] GET /api/user/1
[2016-11-22 05:53:41] GET /favicon.ico
[2016-11-22 05:57:23] GET /api/user/1
[2016-11-22 05:57:24] GET /favicon.ico
[2016-11-22 12:17:06] GET /manager/html
[2016-11-22 16:58:14] GET /cache/global/img/gs.gif
[2016-11-22 21:25:35] GET /
[2016-11-23 03:14:21] GET /
[2016-11-23 03:14:22] GET /favicon.ico
[2016-11-23 03:14:24] GET /
[2016-11-23 03:14:24] GET /favicon.ico
[2016-11-23 03:14:25] GET /
[2016-11-23 03:14:26] GET /favicon.ico
[2016-11-23 03:14:26] GET /
[2016-11-23 03:14:27] GET /favicon.ico
[2016-11-23 03:14:27] GET /
[2016-11-23 03:14:27] GET /favicon.ico
[2016-11-23 03:14:28] GET /
[2016-11-23 03:14:29] GET /favicon.ico
[2016-11-23 03:15:50] GET /api/v1/user
[2016-11-23 03:15:50] GET /favicon.ico
[2016-11-23 03:16:54] GET /api/v1/user
[2016-11-23 03:16:55] GET /favicon.ico
[2016-11-23 03:20:48] GET /api/v1/user
[2016-11-23 03:20:49] GET /favicon.ico
[2016-11-23 11:31:26 #25012.0]	NOTICE	Server is shutdown now.
[2016-11-23 03:31:34] GET /api/v1/user
[2016-11-23 11:31:34 *28721.0]	ERROR	zm_deactivate_swoole (ERROR 103): Fatal error: Uncaught Error: Class 'Adapter\Dispatch\Dispatch' not found in /var/www/basebox/server.php:16
Stack trace:
#0 [internal function]: {closure}(Object(swoole_http_request), Object(swoole_http_response))
#1 /var/www/basebox/server.php(26): swoole_http_server->start()
#2 {main}
  thrown in /var/www/basebox/server.php on line 16.
[2016-11-23 11:31:34 $28719.0]	WARNING	swManager_check_exit_status: worker#0 abnormal exit, status=255, signal=0
[2016-11-23 11:39:22 #28718.0]	NOTICE	Server is shutdown now.
[2016-11-23 03:39:27] GET /api/v1/user
[2016-11-23 11:39:27 *29046.0]	ERROR	zm_deactivate_swoole (ERROR 103): Fatal error: Uncaught Error: Class 'Adapter\Dispatch\Dispatch' not found in /var/www/basebox/server.php:16
Stack trace:
#0 [internal function]: {closure}(Object(swoole_http_request), Object(swoole_http_response))
#1 /var/www/basebox/server.php(26): swoole_http_server->start()
#2 {main}
  thrown in /var/www/basebox/server.php on line 16.
[2016-11-23 11:39:27 $29044.0]	WARNING	swManager_check_exit_status: worker#0 abnormal exit, status=255, signal=0
[2016-11-23 03:39:30] GET /api/v1/user
[2016-11-23 11:39:30 *29047.0]	ERROR	zm_deactivate_swoole (ERROR 103): Fatal error: Uncaught Error: Class 'Adapter\Dispatch\Dispatch' not found in /var/www/basebox/server.php:16
Stack trace:
#0 [internal function]: {closure}(Object(swoole_http_request), Object(swoole_http_response))
#1 /var/www/basebox/server.php(26): swoole_http_server->start()
#2 {main}
  thrown in /var/www/basebox/server.php on line 16.
[2016-11-23 11:39:30 $29044.0]	WARNING	swManager_check_exit_status: worker#0 abnormal exit, status=255, signal=0
[2016-11-23 11:40:15 #29043.0]	NOTICE	Server is shutdown now.
[2016-11-23 03:40:21] GET /api/v1/user
[2016-11-23 03:40:22] GET /favicon.ico
[2016-11-23 03:40:25] GET /api/v1/user
[2016-11-23 03:40:26] GET /favicon.ico
[2016-11-23 03:40:27] GET /api/v1/user
[2016-11-23 03:40:28] GET /favicon.ico
[2016-11-23 04:22:59] GET /api/v1/user
[2016-11-23 04:23:00] GET /favicon.ico
[2016-11-23 04:23:01] GET /api/v1/user
[2016-11-23 04:23:01] GET /favicon.ico
[2016-11-23 04:23:02] GET /api/v1/user
[2016-11-23 04:23:02] GET /favicon.ico
[2016-11-23 04:23:04] GET /api/v1/user
[2016-11-23 04:23:05] GET /favicon.ico
[2016-11-23 04:23:26] GET /api/v1/user
[2016-11-23 04:23:26] GET /favicon.ico
[2016-11-23 04:23:28] GET /api/v1/user
[2016-11-23 04:23:28] GET /favicon.ico
[2016-11-23 04:23:53] GET /api/v1/user
[2016-11-23 04:23:54] GET /favicon.ico
[2016-11-23 04:27:30] GET /favicon.ico
[2016-11-23 04:28:22] GET /api/v1/user
[2016-11-23 04:28:23] GET /favicon.ico
[2016-11-23 05:17:47] GET /api/v1/user
[2016-11-23 05:17:47] GET /favicon.ico
[2016-11-23 05:18:40] GET /api/v1/user
[2016-11-23 05:18:40] GET /favicon.ico
[2016-11-23 05:49:57] GET /api/v1/user
[2016-11-23 05:49:57] GET /favicon.ico
[2016-11-23 05:52:36] GET /api/v1/user
[2016-11-23 05:52:37] GET /favicon.ico
[2016-11-23 05:56:08] GET /api/v1/user
[2016-11-23 05:56:08] GET /favicon.ico
[2016-11-23 05:58:33] GET /api/v1/user
[2016-11-23 05:58:33] GET /favicon.ico
[2016-11-24 12:12:37] GET /
[2016-11-24 12:12:37] GET /favicon.ico
[2016-11-24 20:17:53 #3111.0]	NOTICE	Server is shutdown now.
[2016-11-24 12:21:13] GET /cache/global/img/gs.gif
[2016-11-24 20:21:14 #3244.0]	NOTICE	Server is shutdown now.
[2016-11-24 20:21:37 #3263.0]	NOTICE	Server is shutdown now.
[2016-11-24 20:22:19 #3272.0]	NOTICE	Server is shutdown now.
[2016-11-24 20:22:48 #3279.0]	NOTICE	Server is shutdown now.
[2016-11-24 20:27:42 #3287.0]	NOTICE	Server is shutdown now.
[2016-11-24 20:29:54 #3497.0]	NOTICE	Server is shutdown now.
[2016-11-24 12:30:02] GET /
[2016-11-24 12:30:03] GET /favicon.ico
[2016-11-24 20:31:02 #3647.0]	NOTICE	Server is shutdown now.
[2016-11-24 20:49:24 *4178.0]	ERROR	zm_deactivate_swoole (ERROR 103): Fatal error: Uncaught Error: Class 'api\v1\user/group' not found in /var/www/basebox/boot:35
Stack trace:
#0 [internal function]: {closure}(Object(swoole_http_request), Object(swoole_http_response))
#1 /var/www/basebox/boot(46): swoole_http_server->start()
#2 {main}
  thrown in /var/www/basebox/boot on line 35.
[2016-11-24 20:49:24 $4176.0]	WARNING	swManager_check_exit_status: worker#0 abnormal exit, status=255, signal=0
[2016-11-24 20:49:53 *4185.0]	ERROR	zm_deactivate_swoole (ERROR 103): Fatal error: Uncaught Error: Class 'api\v1\user/group' not found in /var/www/basebox/boot:35
Stack trace:
#0 [internal function]: {closure}(Object(swoole_http_request), Object(swoole_http_response))
#1 /var/www/basebox/boot(46): swoole_http_server->start()
#2 {main}
  thrown in /var/www/basebox/boot on line 35.
[2016-11-24 20:49:53 $4183.0]	WARNING	swManager_check_exit_status: worker#0 abnormal exit, status=255, signal=0
[2016-11-24 20:50:42 *4198.0]	ERROR	zm_deactivate_swoole (ERROR 103): Fatal error: Uncaught Error: Class 'api\v1\user/group' not found in /var/www/basebox/boot:34
Stack trace:
#0 [internal function]: {closure}(Object(swoole_http_request), Object(swoole_http_response))
#1 /var/www/basebox/boot(45): swoole_http_server->start()
#2 {main}
  thrown in /var/www/basebox/boot on line 34.
[2016-11-24 20:50:42 $4196.0]	WARNING	swManager_check_exit_status: worker#0 abnormal exit, status=255, signal=0
[2016-11-24 20:51:01 *4199.0]	ERROR	zm_deactivate_swoole (ERROR 103): Fatal error: Uncaught Error: Class 'api\v0\user/group' not found in /var/www/basebox/boot:34
Stack trace:
#0 [internal function]: {closure}(Object(swoole_http_request), Object(swoole_http_response))
#1 /var/www/basebox/boot(45): swoole_http_server->start()
#2 {main}
  thrown in /var/www/basebox/boot on line 34.
[2016-11-24 20:51:01 $4196.0]	WARNING	swManager_check_exit_status: worker#0 abnormal exit, status=255, signal=0
[2016-11-24 20:52:48 *4207.0]	ERROR	zm_deactivate_swoole (ERROR 103): Fatal error: Uncaught Error: Class '\api\v0\user\group' not found in /var/www/basebox/boot:29
Stack trace:
#0 [internal function]: {closure}(Object(swoole_http_request), Object(swoole_http_response))
#1 /var/www/basebox/boot(40): swoole_http_server->start()
#2 {main}
  thrown in /var/www/basebox/boot on line 29.
[2016-11-24 20:52:48 $4205.0]	WARNING	swManager_check_exit_status: worker#0 abnormal exit, status=255, signal=0
[2016-11-24 20:53:43 *4444.0]	ERROR	zm_deactivate_swoole (ERROR 103): Fatal error: Uncaught Error: Class '\api\v0\user\group' not found in /var/www/basebox/boot:29
Stack trace:
#0 [internal function]: {closure}(Object(swoole_http_request), Object(swoole_http_response))
#1 /var/www/basebox/boot(40): swoole_http_server->start()
#2 {main}
  thrown in /var/www/basebox/boot on line 29.
[2016-11-24 20:53:43 $4442.0]	WARNING	swManager_check_exit_status: worker#0 abnormal exit, status=255, signal=0
[2016-11-24 20:54:52 *4618.0]	ERROR	zm_deactivate_swoole (ERROR 103): Fatal error: Uncaught Error: Class '\api\v0\user\group' not found in /var/www/basebox/boot:29
Stack trace:
#0 [internal function]: {closure}(Object(swoole_http_request), Object(swoole_http_response))
#1 /var/www/basebox/boot(40): swoole_http_server->start()
#2 {main}
  thrown in /var/www/basebox/boot on line 29.
[2016-11-24 20:54:52 $4616.0]	WARNING	swManager_check_exit_status: worker#0 abnormal exit, status=255, signal=0
[2016-11-24 20:55:59 *4664.0]	ERROR	zm_deactivate_swoole (ERROR 103): Fatal error: Uncaught Error: Class '\api\v0\user\group' not found in /var/www/basebox/boot:29
Stack trace:
#0 [internal function]: {closure}(Object(swoole_http_request), Object(swoole_http_response))
#1 /var/www/basebox/boot(40): swoole_http_server->start()
#2 {main}
  thrown in /var/www/basebox/boot on line 29.
[2016-11-24 20:55:59 $4662.0]	WARNING	swManager_check_exit_status: worker#0 abnormal exit, status=255, signal=0
[2016-11-24 21:03:25 *4770.0]	ERROR	zm_deactivate_swoole (ERROR 103): Fatal error: Uncaught Error: Class '/api/v0/user/group' not found in /var/www/basebox/boot:32
Stack trace:
#0 [internal function]: {closure}(Object(swoole_http_request), Object(swoole_http_response))
#1 /var/www/basebox/boot(43): swoole_http_server->start()
#2 {main}
  thrown in /var/www/basebox/boot on line 32.
[2016-11-24 21:03:25 $4768.0]	WARNING	swManager_check_exit_status: worker#0 abnormal exit, status=255, signal=0
[2016-11-24 21:04:09 *4777.0]	ERROR	zm_deactivate_swoole (ERROR 103): Fatal error: Uncaught Error: Class '/api/v0/user/group' not found in /var/www/basebox/boot:33
Stack trace:
#0 [internal function]: {closure}(Object(swoole_http_request), Object(swoole_http_response))
#1 /var/www/basebox/boot(44): swoole_http_server->start()
#2 {main}
  thrown in /var/www/basebox/boot on line 33.
[2016-11-24 21:04:09 $4775.0]	WARNING	swManager_check_exit_status: worker#0 abnormal exit, status=255, signal=0
[2016-11-24 21:04:58 *4784.0]	ERROR	zm_deactivate_swoole (ERROR 103): Fatal error: Uncaught Error: Function name must be a string in /var/www/basebox/boot:33
Stack trace:
#0 [internal function]: {closure}(Object(swoole_http_request), Object(swoole_http_response))
#1 /var/www/basebox/boot(44): swoole_http_server->start()
#2 {main}
  thrown in /var/www/basebox/boot on line 33.
[2016-11-24 21:04:58 $4782.0]	WARNING	swManager_check_exit_status: worker#0 abnormal exit, status=255, signal=0
[2016-11-24 21:05:37 *4792.0]	ERROR	zm_deactivate_swoole (ERROR 103): Fatal error: Uncaught Error: Class '\Favicon.ico' not found in /var/www/basebox/boot:33
Stack trace:
#0 [internal function]: {closure}(Object(swoole_http_request), Object(swoole_http_response))
#1 /var/www/basebox/boot(44): swoole_http_server->start()
#2 {main}
  thrown in /var/www/basebox/boot on line 33.
[2016-11-24 21:05:37 $4790.0]	WARNING	swManager_check_exit_status: worker#0 abnormal exit, status=255, signal=0
[2016-11-24 21:05:43 *4793.0]	ERROR	zm_deactivate_swoole (ERROR 103): Fatal error: Uncaught Error: Class '\Favicon.ico' not found in /var/www/basebox/boot:33
Stack trace:
#0 [internal function]: {closure}(Object(swoole_http_request), Object(swoole_http_response))
#1 /var/www/basebox/boot(44): swoole_http_server->start()
#2 {main}
  thrown in /var/www/basebox/boot on line 33.
[2016-11-24 21:05:43 $4790.0]	WARNING	swManager_check_exit_status: worker#0 abnormal exit, status=255, signal=0
[2016-11-24 21:05:45 *4794.0]	ERROR	zm_deactivate_swoole (ERROR 103): Fatal error: Uncaught Error: Class '\Favicon.ico' not found in /var/www/basebox/boot:33
Stack trace:
#0 [internal function]: {closure}(Object(swoole_http_request), Object(swoole_http_response))
#1 /var/www/basebox/boot(44): swoole_http_server->start()
#2 {main}
  thrown in /var/www/basebox/boot on line 33.
[2016-11-24 21:05:45 $4790.0]	WARNING	swManager_check_exit_status: worker#0 abnormal exit, status=255, signal=0
[2016-11-24 21:22:06 *5225.0]	ERROR	zm_deactivate_swoole (ERROR 103): Fatal error: Uncaught Error: Class 'Adapter\Response\Response' not found in /var/www/basebox/boot:33
Stack trace:
#0 [internal function]: {closure}(Object(swoole_http_request), Object(swoole_http_response))
#1 /var/www/basebox/boot(49): swoole_http_server->start()
#2 {main}
  thrown in /var/www/basebox/boot on line 33.
[2016-11-24 21:22:06 $5223.0]	WARNING	swManager_check_exit_status: worker#0 abnormal exit, status=255, signal=0
